0 info it worked if it ends with ok
1 verbose cli [ 'node', '/usr/local/bin/npm', 'install', '-g', 'brunch' ]
2 info using npm@1.4.28
3 info using node@v0.10.35
4 verbose cache add [ 'brunch', null ]
5 verbose cache add name=undefined spec="brunch" args=["brunch",null]
6 verbose parsed url { protocol: null,
6 verbose parsed url   slashes: null,
6 verbose parsed url   auth: null,
6 verbose parsed url   host: null,
6 verbose parsed url   port: null,
6 verbose parsed url   hostname: null,
6 verbose parsed url   hash: null,
6 verbose parsed url   search: null,
6 verbose parsed url   query: null,
6 verbose parsed url   pathname: 'brunch',
6 verbose parsed url   path: 'brunch',
6 verbose parsed url   href: 'brunch' }
7 silly lockFile 58390c40-brunch brunch
8 verbose lock brunch /Users/taylorlembi/.npm/58390c40-brunch.lock
9 silly lockFile 58390c40-brunch brunch
10 silly lockFile 58390c40-brunch brunch
11 verbose addNamed [ 'brunch', '' ]
12 verbose addNamed [ null, '*' ]
13 silly lockFile 8098d1eb-brunch brunch@
14 verbose lock brunch@ /Users/taylorlembi/.npm/8098d1eb-brunch.lock
15 silly addNameRange { name: 'brunch', range: '*', hasData: false }
16 verbose request where is /brunch
17 verbose request registry https://registry.npmjs.org/
18 verbose request id 7e77379fcdd97786
19 verbose url raw /brunch
20 verbose url resolving [ 'https://registry.npmjs.org/', './brunch' ]
21 verbose url resolved https://registry.npmjs.org/brunch
22 verbose request where is https://registry.npmjs.org/brunch
23 info trying registry request attempt 1 at 13:02:19
24 verbose etag "3DMJFWUVYRRP5G94VYWDNOTZF"
25 http GET https://registry.npmjs.org/brunch
26 http 304 https://registry.npmjs.org/brunch
27 silly registry.get cb [ 304,
27 silly registry.get   { date: 'Mon, 23 Mar 2015 20:02:21 GMT',
27 silly registry.get     server: 'Apache',
27 silly registry.get     via: '1.1 varnish',
27 silly registry.get     'last-modified': 'Mon, 23 Mar 2015 20:02:21 GMT',
27 silly registry.get     'cache-control': 'max-age=60',
27 silly registry.get     etag: '"3DMJFWUVYRRP5G94VYWDNOTZF"',
27 silly registry.get     age: '0',
27 silly registry.get     'x-served-by': 'cache-lax1434-LAX',
27 silly registry.get     'x-cache': 'HIT',
27 silly registry.get     'x-cache-hits': '1',
27 silly registry.get     'x-timer': 'S1427140941.138844,VS0,VE190',
27 silly registry.get     vary: 'Accept',
27 silly registry.get     'content-length': '0',
27 silly registry.get     'keep-alive': 'timeout=10, max=50',
27 silly registry.get     connection: 'Keep-Alive' } ]
28 verbose etag https://registry.npmjs.org/brunch from cache
29 silly addNameRange number 2 { name: 'brunch', range: '*', hasData: true }
30 silly addNameRange versions [ 'brunch',
30 silly addNameRange   [ '0.0.1',
30 silly addNameRange     '0.0.2',
30 silly addNameRange     '0.0.3',
30 silly addNameRange     '0.0.4',
30 silly addNameRange     '0.0.5',
30 silly addNameRange     '0.0.6',
30 silly addNameRange     '0.0.7',
30 silly addNameRange     '0.0.8',
30 silly addNameRange     '0.1.0',
30 silly addNameRange     '0.1.1',
30 silly addNameRange     '0.1.3',
30 silly addNameRange     '0.1.4',
30 silly addNameRange     '0.1.5',
30 silly addNameRange     '0.1.6',
30 silly addNameRange     '0.1.7',
30 silly addNameRange     '0.1.8',
30 silly addNameRange     '0.1.9',
30 silly addNameRange     '0.2.0',
30 silly addNameRange     '0.2.1',
30 silly addNameRange     '0.2.2',
30 silly addNameRange     '0.2.3',
30 silly addNameRange     '0.2.4',
30 silly addNameRange     '0.2.6',
30 silly addNameRange     '0.2.7',
30 silly addNameRange     '0.2.8',
30 silly addNameRange     '0.3.0',
30 silly addNameRange     '0.3.1',
30 silly addNameRange     '0.3.2',
30 silly addNameRange     '0.3.4',
30 silly addNameRange     '0.3.5',
30 silly addNameRange     '0.3.6',
30 silly addNameRange     '0.3.7',
30 silly addNameRange     '0.4.0',
30 silly addNameRange     '0.4.1',
30 silly addNameRange     '0.4.2',
30 silly addNameRange     '0.4.3',
30 silly addNameRange     '0.4.4',
30 silly addNameRange     '0.4.5',
30 silly addNameRange     '0.5.1',
30 silly addNameRange     '0.5.2',
30 silly addNameRange     '0.5.3',
30 silly addNameRange     '0.5.4',
30 silly addNameRange     '0.5.5',
30 silly addNameRange     '0.5.6',
30 silly addNameRange     '0.6.0',
30 silly addNameRange     '0.6.1',
30 silly addNameRange     '0.6.2',
30 silly addNameRange     '0.7.0',
30 silly addNameRange     '0.7.1',
30 silly addNameRange     '0.7.2',
30 silly addNameRange     '0.7.3',
30 silly addNameRange     '0.7.4',
30 silly addNameRange     '0.8.0',
30 silly addNameRange     '0.8.1',
30 silly addNameRange     '0.9.0-beta1',
30 silly addNameRange     '0.9.0',
30 silly addNameRange     '0.9.1',
30 silly addNameRange     '1.0.0',
30 silly addNameRange     '1.0.1',
30 silly addNameRange     '1.0.2',
30 silly addNameRange     '1.0.3',
30 silly addNameRange     '1.1.0',
30 silly addNameRange     '1.1.1',
30 silly addNameRange     '1.1.2',
30 silly addNameRange     '1.2.0',
30 silly addNameRange     '1.2.1',
30 silly addNameRange     '1.2.2',
30 silly addNameRange     '1.3.0',
30 silly addNameRange     '1.3.1',
30 silly addNameRange     '1.3.2',
30 silly addNameRange     '1.3.3',
30 silly addNameRange     '1.3.4',
30 silly addNameRange     '1.4.0',
30 silly addNameRange     '1.4.1',
30 silly addNameRange     '1.4.2',
30 silly addNameRange     '1.4.3',
30 silly addNameRange     '1.4.4',
30 silly addNameRange     '1.4.5',
30 silly addNameRange     '1.5.0',
30 silly addNameRange     '1.5.1',
30 silly addNameRange     '1.5.2',
30 silly addNameRange     '1.5.3',
30 silly addNameRange     '1.5.4',
30 silly addNameRange     '1.6.0',
30 silly addNameRange     '1.6.1',
30 silly addNameRange     '1.6.2',
30 silly addNameRange     '1.6.3',
30 silly addNameRange     '1.6.4',
30 silly addNameRange     '1.6.5',
30 silly addNameRange     '1.6.6',
30 silly addNameRange     '1.6.7',
30 silly addNameRange     '1.7.0',
30 silly addNameRange     '1.7.1',
30 silly addNameRange     '1.7.2',
30 silly addNameRange     '1.7.3',
30 silly addNameRange     '1.7.4',
30 silly addNameRange     '1.7.5',
30 silly addNameRange     '1.7.6',
30 silly addNameRange     '1.7.7',
30 silly addNameRange     '1.7.8',
30 silly addNameRange     '1.7.9',
30 silly addNameRange     '1.7.10',
30 silly addNameRange     '1.7.12',
30 silly addNameRange     '1.7.13',
30 silly addNameRange     '1.7.14',
30 silly addNameRange     '1.7.15',
30 silly addNameRange     '1.7.16',
30 silly addNameRange     '1.7.17',
30 silly addNameRange     '1.7.18',
30 silly addNameRange     '1.7.19',
30 silly addNameRange     '1.7.20' ] ]
31 verbose addNamed [ 'brunch', '1.7.20' ]
32 verbose addNamed [ '1.7.20', '1.7.20' ]
33 silly lockFile 7c3dce1b-brunch-1-7-20 brunch@1.7.20
34 verbose lock brunch@1.7.20 /Users/taylorlembi/.npm/7c3dce1b-brunch-1-7-20.lock
35 silly lockFile 517dee5d-mjs-org-brunch-brunch-1-7-20-tgz https://registry.npmjs.org/brunch/-/brunch-1.7.20.tgz
36 verbose lock https://registry.npmjs.org/brunch/-/brunch-1.7.20.tgz /Users/taylorlembi/.npm/517dee5d-mjs-org-brunch-brunch-1-7-20-tgz.lock
37 verbose addRemoteTarball [ 'https://registry.npmjs.org/brunch/-/brunch-1.7.20.tgz',
37 verbose addRemoteTarball   '0d755255b2bc695b14d45742a176c2b1fc9d88c6' ]
38 info retry fetch attempt 1 at 13:02:20
39 verbose fetch to= /var/folders/x6/wk9bs_8s1dl8q_f84k4lkzj80000gn/T/npm-49586-n-XI+3t5/registry.npmjs.org/brunch/-/brunch-1.7.20.tgz
40 http GET https://registry.npmjs.org/brunch/-/brunch-1.7.20.tgz
41 http 200 https://registry.npmjs.org/brunch/-/brunch-1.7.20.tgz
42 silly lockFile 517dee5d-mjs-org-brunch-brunch-1-7-20-tgz https://registry.npmjs.org/brunch/-/brunch-1.7.20.tgz
43 silly lockFile 517dee5d-mjs-org-brunch-brunch-1-7-20-tgz https://registry.npmjs.org/brunch/-/brunch-1.7.20.tgz
44 silly lockFile 7c3dce1b-brunch-1-7-20 brunch@1.7.20
45 silly lockFile 7c3dce1b-brunch-1-7-20 brunch@1.7.20
46 silly lockFile 8098d1eb-brunch brunch@
47 silly lockFile 8098d1eb-brunch brunch@
48 silly resolved [ { name: 'brunch',
48 silly resolved     description: 'A lightweight approach to building HTML5 applications with emphasis on elegance and simplicity',
48 silly resolved     version: '1.7.20',
48 silly resolved     keywords:
48 silly resolved      [ 'assembler',
48 silly resolved        'builder',
48 silly resolved        'stack',
48 silly resolved        'chaplin',
48 silly resolved        'backbone',
48 silly resolved        'ember',
48 silly resolved        'angular',
48 silly resolved        'html5' ],
48 silly resolved     homepage: 'http://brunch.io/',
48 silly resolved     author: { name: 'Brunch team', url: 'http://brunch.io' },
48 silly resolved     repository: { type: 'git', url: 'https://github.com/brunch/brunch.git' },
48 silly resolved     bugs: { url: 'http://github.com/brunch/brunch/issues' },
48 silly resolved     licenses: [ [Object] ],
48 silly resolved     main: './lib/index',
48 silly resolved     bin: { brunch: './bin/brunch' },
48 silly resolved     scripts:
48 silly resolved      { prepublish: 'node setup.js prepublish',
48 silly resolved        postpublish: 'node setup.js postpublish',
48 silly resolved        test: 'node setup.js test',
48 silly resolved        postinstall: 'node setup.js postinstall' },
48 silly resolved     preferGlobal: true,
48 silly resolved     dependencies:
48 silly resolved      { 'coffee-script': '~1.8.0',
48 silly resolved        commander: '~2.0.0',
48 silly resolved        mkdirp: '~0.3.5',
48 silly resolved        ncp: '~0.4.2',
48 silly resolved        debug: '~0.7.2',
48 silly resolved        'source-map': '~0.1.35',
48 silly resolved        chokidar: '~0.12.0',
48 silly resolved        'init-skeleton': '~0.2.0',
48 silly resolved        loggy: '~0.2.0',
48 silly resolved        pushserve: '~0.1.6',
48 silly resolved        'read-components': '~0.6.0',
48 silly resolved        'commonjs-require-definition': '~0.1.0',
48 silly resolved        'async-each': '~0.1.2',
48 silly resolved        'async-waterfall': '~0.1.2',
48 silly resolved        anysort: '~1.0.0',
48 silly resolved        anymatch: '~1.0.0' },
48 silly resolved     devDependencies:
48 silly resolved      { mocha: '~1.12.0',
48 silly resolved        chai: '~1.7.0',
48 silly resolved        rewire: '~1.1.3',
48 silly resolved        express: '~3.3.0' },
48 silly resolved     gitHead: 'd17794dfe340a12a5a8f3bdbe82ceab6c37618c8',
48 silly resolved     _id: 'brunch@1.7.20',
48 silly resolved     _shasum: '0d755255b2bc695b14d45742a176c2b1fc9d88c6',
48 silly resolved     _from: 'brunch@',
48 silly resolved     _npmVersion: '1.4.28',
48 silly resolved     _npmUser: { name: 'es128', email: 'elan.shanker+npm@gmail.com' },
48 silly resolved     maintainers: [ [Object], [Object], [Object], [Object] ],
48 silly resolved     dist:
48 silly resolved      { shasum: '0d755255b2bc695b14d45742a176c2b1fc9d88c6',
48 silly resolved        tarball: 'http://registry.npmjs.org/brunch/-/brunch-1.7.20.tgz' },
48 silly resolved     directories: {},
48 silly resolved     _resolved: 'https://registry.npmjs.org/brunch/-/brunch-1.7.20.tgz' } ]
49 info install brunch@1.7.20 into /usr/local/lib
50 info installOne brunch@1.7.20
51 verbose lib/node_modules/brunch unbuild
52 verbose tar unpack /Users/taylorlembi/.npm/brunch/1.7.20/package.tgz
53 silly lockFile f46cf4fa-sr-local-lib-node-modules-brunch tar:///usr/local/lib/node_modules/brunch
54 verbose lock tar:///usr/local/lib/node_modules/brunch /Users/taylorlembi/.npm/f46cf4fa-sr-local-lib-node-modules-brunch.lock
55 silly lockFile 5f8c8364-bi-npm-brunch-1-7-20-package-tgz tar:///Users/taylorlembi/.npm/brunch/1.7.20/package.tgz
56 verbose lock tar:///Users/taylorlembi/.npm/brunch/1.7.20/package.tgz /Users/taylorlembi/.npm/5f8c8364-bi-npm-brunch-1-7-20-package-tgz.lock
57 silly gunzTarPerm modes [ '755', '644' ]
58 error Error: EACCES, mkdir '/usr/local/lib/node_modules/brunch'
58 error  { [Error: EACCES, mkdir '/usr/local/lib/node_modules/brunch']
58 error   errno: 3,
58 error   code: 'EACCES',
58 error   path: '/usr/local/lib/node_modules/brunch',
58 error   fstream_type: 'Directory',
58 error   fstream_path: '/usr/local/lib/node_modules/brunch',
58 error   fstream_class: 'DirWriter',
58 error   fstream_stack:
58 error    [ '/usr/local/lib/node_modules/npm/node_modules/fstream/lib/dir-writer.js:36:23',
58 error      '/usr/local/lib/node_modules/npm/node_modules/mkdirp/index.js:46:53',
58 error      'Object.oncomplete (fs.js:108:15)' ] }
59 error Please try running this command again as root/Administrator.
60 error System Darwin 14.1.0
61 error command "node" "/usr/local/bin/npm" "install" "-g" "brunch"
62 error cwd /Users/taylorlembi/Desktop/bloc-vagrant/bloc-jams
63 error node -v v0.10.35
64 error npm -v 1.4.28
65 error path /usr/local/lib/node_modules/brunch
66 error fstream_path /usr/local/lib/node_modules/brunch
67 error fstream_type Directory
68 error fstream_class DirWriter
69 error code EACCES
70 error errno 3
71 error stack Error: EACCES, mkdir '/usr/local/lib/node_modules/brunch'
72 error fstream_stack /usr/local/lib/node_modules/npm/node_modules/fstream/lib/dir-writer.js:36:23
72 error fstream_stack /usr/local/lib/node_modules/npm/node_modules/mkdirp/index.js:46:53
72 error fstream_stack Object.oncomplete (fs.js:108:15)
73 verbose exit [ 3, true ]
